<?xml version="1.0" encoding="UTF-8"?>
<testsuite name="com.shorturl.TestShortUrl" tests="1" skipped="0" failures="0" errors="0" timestamp="2023-08-31T15:51:25" hostname="LAPTOP-73BKCVCL" time="0.012">
  <properties/>
  <testcase name="Checking is there any redundency possible" classname="com.shorturl.TestShortUrl" time="0.012"/>
  <system-out><![CDATA[]]></system-out>
  <system-err><![CDATA[]]></system-err>
</testsuite>
